[2025/03/16@08:59:03.680+0100] 
[2025/03/16@08:59:03.683+0100]=== Start logging. Local time: 2025/03/16@08:59:03.676+0100. ===
[2025/03/16@08:59:03.689+0100]=== Progress Version 12.8.02.000 1214 ===
[2025/03/16@08:59:03.689+0100] 
[2025/03/16@08:59:03.689+0100] [3] [SQLExplorer]           Openedge Installation Validation Completed
[2025/03/16@08:59:03.718+0100] [3] [SQLExplorer]           Default properties will be used. (SQLMsg037)
[2025/03/16@08:59:03.727+0100] [3] [SQLExplorer]           Setting Connect to jdbc:datadirect:openedge://localhost:5151;databaseName=sports2000
[2025/03/16@08:59:03.733+0100] [3] [SQLExplorer]           === SQLExplorer starting. ===
[2025/03/16@08:59:03.733+0100] [3] [SQLExplorer]           ### ARGS:    -db sports2000 -H localhost -S 5151 -infile c:\temp\sql.sql 
[2025/03/16@08:59:03.740+0100] [3] [SQLExplorer]           Connecting user "colde" to URL "jdbc:datadirect:openedge://localhost:5151;databaseName=sports2000"... (8920)
[2025/03/16@08:59:03.744+0100] [3] [SQLExplorer]           Loading JDBC driver com.ddtek.jdbc.openedge.OpenEdgeDriver.
[2025/03/16@09:00:52.310+0100] 
[2025/03/16@09:00:52.314+0100]=== Start logging. Local time: 2025/03/16@09:00:52.307+0100. ===
[2025/03/16@09:00:52.324+0100]=== Progress Version 12.8.02.000 1214 ===
[2025/03/16@09:00:52.324+0100] 
[2025/03/16@09:00:52.324+0100] [3] [SQLExplorer]           Openedge Installation Validation Completed
[2025/03/16@09:00:52.354+0100] [3] [SQLExplorer]           Local C:\projects\pasoem8m\m8m\SQLExplorer.properties file will be used. (SQLMsg036)
[2025/03/16@09:00:52.373+0100] [3] [SQLExplorer]           Setting Connect to jdbc:datadirect:openedge://localhost:5151;databaseName=sports2000
[2025/03/16@09:00:52.377+0100] [3] [SQLExplorer]           === SQLExplorer starting. ===
[2025/03/16@09:00:52.377+0100] [3] [SQLExplorer]           ### ARGS:    -db sports2000 -H localhost -S 5151 -infile c:\temp\sql.sql 
[2025/03/16@09:00:52.387+0100] [3] [SQLExplorer]           Connecting user "colde" to URL "jdbc:datadirect:openedge://localhost:5151;databaseName=sports2000"... (8920)
[2025/03/16@09:00:52.392+0100] [3] [SQLExplorer]           Loading JDBC driver com.ddtek.jdbc.openedge.OpenEdgeDriver.
[2025/03/16@09:00:52.557+0100] [3] [SQLExplorer]           Using encoding UTF8 to read file c:\temp\sql.sql (SQLMsg040)
[2025/03/16@09:00:52.636+0100] [3] [SQLExplorer]           === SQLExplorer ending. ===
[2025/03/16@09:01:07.740+0100] 
[2025/03/16@09:01:07.743+0100]=== Start logging. Local time: 2025/03/16@09:01:07.736+0100. ===
[2025/03/16@09:01:07.754+0100]=== Progress Version 12.8.02.000 1214 ===
[2025/03/16@09:01:07.754+0100] 
[2025/03/16@09:01:07.754+0100] [3] [SQLExplorer]           Openedge Installation Validation Completed
[2025/03/16@09:01:07.784+0100] [3] [SQLExplorer]           Local C:\projects\pasoem8m\m8m\SQLExplorer.properties file will be used. (SQLMsg036)
[2025/03/16@09:01:07.800+0100] [3] [SQLExplorer]           Setting Connect to jdbc:datadirect:openedge://localhost:5151;databaseName=sports2000
[2025/03/16@09:01:07.804+0100] [3] [SQLExplorer]           === SQLExplorer starting. ===
[2025/03/16@09:01:07.804+0100] [3] [SQLExplorer]           ### ARGS:    -db sports2000 -H localhost -S 5151 -infile c:\temp\sql.sql 
[2025/03/16@09:01:07.814+0100] [3] [SQLExplorer]           Connecting user "colde" to URL "jdbc:datadirect:openedge://localhost:5151;databaseName=sports2000"... (8920)
[2025/03/16@09:01:07.821+0100] [3] [SQLExplorer]           Loading JDBC driver com.ddtek.jdbc.openedge.OpenEdgeDriver.
[2025/03/16@09:01:07.997+0100] [3] [SQLExplorer]           Using encoding UTF8 to read file c:\temp\sql.sql (SQLMsg040)
[2025/03/16@09:01:08.073+0100] [3] [SQLExplorer]           === SQLExplorer ending. ===
[2025/03/16@09:03:37.298+0100] 
[2025/03/16@09:03:37.301+0100]=== Start logging. Local time: 2025/03/16@09:03:37.294+0100. ===
[2025/03/16@09:03:37.309+0100]=== Progress Version 12.8.02.000 1214 ===
[2025/03/16@09:03:37.309+0100] 
[2025/03/16@09:03:37.309+0100] [3] [SQLExplorer]           Openedge Installation Validation Completed
[2025/03/16@09:03:37.342+0100] [3] [SQLExplorer]           Local C:\projects\pasoem8m\m8m\SQLExplorer.properties file will be used. (SQLMsg036)
[2025/03/16@09:03:37.357+0100] [3] [SQLExplorer]           Setting Connect to jdbc:datadirect:openedge://localhost:5151;databaseName=sports2000
[2025/03/16@09:03:37.362+0100] [3] [SQLExplorer]           === SQLExplorer starting. ===
[2025/03/16@09:03:37.363+0100] [3] [SQLExplorer]           ### ARGS:    -db sports2000 -H localhost -S 5151 
[2025/03/16@09:03:37.373+0100] [3] [SQLExplorer]           Connecting user "colde" to URL "jdbc:datadirect:openedge://localhost:5151;databaseName=sports2000"... (8920)
[2025/03/16@09:03:37.380+0100] [3] [SQLExplorer]           Loading JDBC driver com.ddtek.jdbc.openedge.OpenEdgeDriver.
[2025/03/16@09:04:18.029+0100] [3] [SQLExplorer]           === SQLExplorer ending. ===
[2025/03/16@09:06:44.955+0100] 
[2025/03/16@09:06:44.958+0100]=== Start logging. Local time: 2025/03/16@09:06:44.951+0100. ===
[2025/03/16@09:06:44.964+0100]=== Progress Version 12.8.02.000 1214 ===
[2025/03/16@09:06:44.964+0100] 
[2025/03/16@09:06:44.964+0100] [3] [SQLExplorer]           Openedge Installation Validation Completed
[2025/03/16@09:06:44.996+0100] [3] [SQLExplorer]           Local C:\projects\pasoem8m\m8m\SQLExplorer.properties file will be used. (SQLMsg036)
[2025/03/16@09:06:45.014+0100] [3] [SQLExplorer]           Setting Connect to jdbc:datadirect:openedge://localhost:5151;databaseName=sports2000
[2025/03/16@09:06:45.019+0100] [3] [SQLExplorer]           === SQLExplorer starting. ===
[2025/03/16@09:06:45.019+0100] [3] [SQLExplorer]           ### ARGS:    -db sports2000 -H localhost -S 5151 
[2025/03/16@09:06:45.029+0100] [3] [SQLExplorer]           Connecting user "colde" to URL "jdbc:datadirect:openedge://localhost:5151;databaseName=sports2000"... (8920)
[2025/03/16@09:06:45.035+0100] [3] [SQLExplorer]           Loading JDBC driver com.ddtek.jdbc.openedge.OpenEdgeDriver.
[2025/03/16@09:09:41.850+0100] [3] [SQLExplorer]           === SQLExplorer ending. ===
[2025/03/16@09:10:25.190+0100] 
[2025/03/16@09:10:25.193+0100]=== Start logging. Local time: 2025/03/16@09:10:25.187+0100. ===
[2025/03/16@09:10:25.200+0100]=== Progress Version 12.8.02.000 1214 ===
[2025/03/16@09:10:25.200+0100] 
[2025/03/16@09:10:25.200+0100] [3] [SQLExplorer]           Openedge Installation Validation Completed
[2025/03/16@09:10:25.239+0100] [3] [SQLExplorer]           Local C:\projects\pasoem8m\m8m\SQLExplorer.properties file will be used. (SQLMsg036)
[2025/03/16@09:10:25.254+0100] [3] [SQLExplorer]           Setting Connect to jdbc:datadirect:openedge://localhost:5151;databaseName=sports2000
[2025/03/16@09:10:25.258+0100] [3] [SQLExplorer]           === SQLExplorer starting. ===
[2025/03/16@09:10:25.258+0100] [3] [SQLExplorer]           ### ARGS:    -db sports2000 -H localhost -S 5151 -infile c:\temp\sql.sql 
[2025/03/16@09:10:25.269+0100] [3] [SQLExplorer]           Connecting user "colde" to URL "jdbc:datadirect:openedge://localhost:5151;databaseName=sports2000"... (8920)
[2025/03/16@09:10:25.275+0100] [3] [SQLExplorer]           Loading JDBC driver com.ddtek.jdbc.openedge.OpenEdgeDriver.
[2025/03/16@09:10:25.645+0100] [3] [SQLExplorer]           Using encoding UTF8 to read file c:\temp\sql.sql (SQLMsg040)
[2025/03/16@09:10:25.718+0100] [3] [SQLExplorer]           === SQLExplorer ending. ===
[2025/03/16@09:11:06.617+0100] 
[2025/03/16@09:11:06.620+0100]=== Start logging. Local time: 2025/03/16@09:11:06.615+0100. ===
[2025/03/16@09:11:06.624+0100]=== Progress Version 12.8.02.000 1214 ===
[2025/03/16@09:11:06.625+0100] 
[2025/03/16@09:11:06.625+0100] [3] [SQLExplorer]           Openedge Installation Validation Completed
[2025/03/16@09:11:06.653+0100] [3] [SQLExplorer]           Local C:\projects\pasoem8m\m8m\SQLExplorer.properties file will be used. (SQLMsg036)
[2025/03/16@09:11:06.667+0100] [3] [SQLExplorer]           Setting Connect to jdbc:datadirect:openedge://localhost:5151;databaseName=sports2000
[2025/03/16@09:13:02.006+0100] 
[2025/03/16@09:13:02.009+0100]=== Start logging. Local time: 2025/03/16@09:13:02.001+0100. ===
[2025/03/16@09:13:02.016+0100]=== Progress Version 12.8.02.000 1214 ===
[2025/03/16@09:13:02.017+0100] 
[2025/03/16@09:13:02.017+0100] [3] [SQLExplorer]           Openedge Installation Validation Completed
[2025/03/16@09:13:02.044+0100] [3] [SQLExplorer]           Local C:\projects\pasoem8m\m8m\SQLExplorer.properties file will be used. (SQLMsg036)
[2025/03/16@09:13:02.060+0100] [3] [SQLExplorer]           Setting Connect to jdbc:datadirect:openedge://localhost:5151;databaseName=sports2000
[2025/03/16@09:14:17.728+0100] 
[2025/03/16@09:14:17.734+0100]=== Start logging. Local time: 2025/03/16@09:14:17.722+0100. ===
[2025/03/16@09:14:17.742+0100]=== Progress Version 12.8.02.000 1214 ===
[2025/03/16@09:14:17.742+0100] 
[2025/03/16@09:14:17.742+0100] [3] [SQLExplorer]           Openedge Installation Validation Completed
[2025/03/16@09:14:17.771+0100] [3] [SQLExplorer]           Local C:\projects\pasoem8m\m8m\SQLExplorer.properties file will be used. (SQLMsg036)
[2025/03/16@09:14:17.786+0100] [3] [SQLExplorer]           Setting Connect to jdbc:datadirect:openedge://localhost:5151;databaseName=sports2000
[2025/03/16@09:14:17.790+0100] [3] [SQLExplorer]           === SQLExplorer starting. ===
[2025/03/16@09:14:17.790+0100] [3] [SQLExplorer]           ### ARGS:    -db sports2000 -H localhost -S 5151 -infile c:\temp\sql.sql -outfile c:\temp\result.txt 
[2025/03/16@09:14:17.802+0100] [3] [SQLExplorer]           Connecting user "colde" to URL "jdbc:datadirect:openedge://localhost:5151;databaseName=sports2000"... (8920)
[2025/03/16@09:14:17.809+0100] [3] [SQLExplorer]           Loading JDBC driver com.ddtek.jdbc.openedge.OpenEdgeDriver.
[2025/03/16@09:14:18.200+0100] [3] [SQLExplorer]           Using encoding UTF8 to read file c:\temp\sql.sql (SQLMsg040)
[2025/03/16@09:14:18.271+0100] [3] [SQLExplorer]           === SQLExplorer ending. ===
[2025/03/16@09:15:36.840+0100] 
[2025/03/16@09:15:36.843+0100]=== Start logging. Local time: 2025/03/16@09:15:36.837+0100. ===
[2025/03/16@09:15:36.851+0100]=== Progress Version 12.8.02.000 1214 ===
[2025/03/16@09:15:36.851+0100] 
[2025/03/16@09:15:36.852+0100] [3] [SQLExplorer]           Openedge Installation Validation Completed
[2025/03/16@09:15:36.892+0100] [3] [SQLExplorer]           Local C:\projects\pasoem8m\m8m\SQLExplorer.properties file will be used. (SQLMsg036)
[2025/03/16@09:15:36.908+0100] [3] [SQLExplorer]           Setting Connect to jdbc:datadirect:openedge://localhost:5151;databaseName=sports2000
[2025/03/16@09:15:36.913+0100] [3] [SQLExplorer]           === SQLExplorer starting. ===
[2025/03/16@09:15:36.914+0100] [3] [SQLExplorer]           ### ARGS:    -db sports2000 -H localhost -S 5151 -outfile c:\temp\result.txt 
[2025/03/16@09:15:36.922+0100] [3] [SQLExplorer]           Connecting user "colde" to URL "jdbc:datadirect:openedge://localhost:5151;databaseName=sports2000"... (8920)
[2025/03/16@09:15:36.928+0100] [3] [SQLExplorer]           Loading JDBC driver com.ddtek.jdbc.openedge.OpenEdgeDriver.
[2025/03/16@09:16:54.992+0100] [3] [SQLExplorer]           === SQLExplorer ending. ===
[2025/03/16@09:18:19.170+0100] 
[2025/03/16@09:18:19.173+0100]=== Start logging. Local time: 2025/03/16@09:18:19.164+0100. ===
[2025/03/16@09:18:19.184+0100]=== Progress Version 12.8.02.000 1214 ===
[2025/03/16@09:18:19.184+0100] 
[2025/03/16@09:18:19.184+0100] [3] [SQLExplorer]           Openedge Installation Validation Completed
[2025/03/16@09:18:19.224+0100] [3] [SQLExplorer]           Local C:\projects\pasoem8m\m8m\SQLExplorer.properties file will be used. (SQLMsg036)
[2025/03/16@09:18:19.238+0100] [3] [SQLExplorer]           Setting Connect to jdbc:datadirect:openedge://localhost:5151;databaseName=sports2000
[2025/03/16@09:18:19.244+0100] [3] [SQLExplorer]           === SQLExplorer starting. ===
[2025/03/16@09:18:19.244+0100] [3] [SQLExplorer]           ### ARGS:    -db sports2000 -H localhost -S 5151 -infile c:\temp\sql.sql -outfile c:\temp\result.txt 
[2025/03/16@09:18:19.255+0100] [3] [SQLExplorer]           Connecting user "colde" to URL "jdbc:datadirect:openedge://localhost:5151;databaseName=sports2000"... (8920)
[2025/03/16@09:18:19.262+0100] [3] [SQLExplorer]           Loading JDBC driver com.ddtek.jdbc.openedge.OpenEdgeDriver.
[2025/03/16@09:18:19.592+0100] [3] [SQLExplorer]           Using encoding UTF8 to read file c:\temp\sql.sql (SQLMsg040)
[2025/03/16@09:18:19.703+0100] [3] [SQLExplorer]           === SQLExplorer ending. ===
[2025/03/16@09:19:15.077+0100] 
[2025/03/16@09:19:15.083+0100]=== Start logging. Local time: 2025/03/16@09:19:15.075+0100. ===
[2025/03/16@09:19:15.090+0100]=== Progress Version 12.8.02.000 1214 ===
[2025/03/16@09:19:15.091+0100] 
[2025/03/16@09:19:15.091+0100] [3] [SQLExplorer]           Openedge Installation Validation Completed
[2025/03/16@09:19:15.134+0100] [3] [SQLExplorer]           Local C:\projects\pasoem8m\m8m\SQLExplorer.properties file will be used. (SQLMsg036)
[2025/03/16@09:19:15.149+0100] [3] [SQLExplorer]           Setting Connect to jdbc:datadirect:openedge://localhost:5151;databaseName=sports2000
[2025/03/16@09:19:15.153+0100] [3] [SQLExplorer]           === SQLExplorer starting. ===
[2025/03/16@09:19:15.153+0100] [3] [SQLExplorer]           ### ARGS:    -db sports2000 -H localhost -S 5151 -infile c:\temp\sql.sql -outfile c:\temp\result.txt 
[2025/03/16@09:19:15.163+0100] [3] [SQLExplorer]           Connecting user "colde" to URL "jdbc:datadirect:openedge://localhost:5151;databaseName=sports2000"... (8920)
[2025/03/16@09:19:15.170+0100] [3] [SQLExplorer]           Loading JDBC driver com.ddtek.jdbc.openedge.OpenEdgeDriver.
[2025/03/16@09:19:15.559+0100] [3] [SQLExplorer]           Using encoding UTF8 to read file c:\temp\sql.sql (SQLMsg040)
[2025/03/16@09:19:15.671+0100] [3] [SQLExplorer]           === SQLExplorer ending. ===
[2025/03/16@09:32:25.681+0100] 
[2025/03/16@09:32:25.684+0100]=== Start logging. Local time: 2025/03/16@09:32:25.678+0100. ===
[2025/03/16@09:32:25.692+0100]=== Progress Version 12.8.02.000 1214 ===
[2025/03/16@09:32:25.692+0100] 
[2025/03/16@09:32:25.692+0100] [3] [SQLExplorer]           Openedge Installation Validation Completed
[2025/03/16@09:32:25.726+0100] [3] [SQLExplorer]           Local C:\projects\pasoem8m\m8m\SQLExplorer.properties file will be used. (SQLMsg036)
[2025/03/16@09:32:25.741+0100] [3] [SQLExplorer]           Setting Connect to jdbc:datadirect:openedge://localhost:5151;databaseName=sports2000
[2025/03/16@09:32:25.745+0100] [3] [SQLExplorer]           === SQLExplorer starting. ===
[2025/03/16@09:32:25.745+0100] [3] [SQLExplorer]           ### ARGS:    -db sports2000 -H localhost -S 5151 -infile C:\progress\OE128_64_WRK\query_a632b828c973e1b1d51488a9c4c02945.sql -outfile C:\progress\OE128_64_WRK\query_a632b828c973e1b1d51488a9c4c02945.res 
[2025/03/16@09:32:25.755+0100] [3] [SQLExplorer]           Connecting user "colde" to URL "jdbc:datadirect:openedge://localhost:5151;databaseName=sports2000"... (8920)
[2025/03/16@09:32:25.760+0100] [3] [SQLExplorer]           Loading JDBC driver com.ddtek.jdbc.openedge.OpenEdgeDriver.
[2025/03/16@09:32:25.936+0100] [3] [SQLExplorer]           Using encoding UTF8 to read file C:\progress\OE128_64_WRK\query_a632b828c973e1b1d51488a9c4c02945.sql (SQLMsg040)
[2025/03/16@09:32:25.938+0100] [3] [SQLExplorer]           === SQLExplorer ending. ===
[2025/03/16@10:28:18.583+0100] 
[2025/03/16@10:28:18.589+0100]=== Start logging. Local time: 2025/03/16@10:28:18.579+0100. ===
[2025/03/16@10:28:18.599+0100]=== Progress Version 12.8.02.000 1214 ===
[2025/03/16@10:28:18.599+0100] 
[2025/03/16@10:28:18.599+0100] [3] [SQLExplorer]           Openedge Installation Validation Completed
[2025/03/16@10:28:18.632+0100] [3] [SQLExplorer]           Local C:\projects\pasoem8m\m8m\SQLExplorer.properties file will be used. (SQLMsg036)
[2025/03/16@10:28:18.648+0100] [3] [SQLExplorer]           Setting Connect to jdbc:datadirect:openedge://localhost:5151;databaseName=sports2000
[2025/03/16@10:28:18.652+0100] [3] [SQLExplorer]           === SQLExplorer starting. ===
[2025/03/16@10:28:18.653+0100] [3] [SQLExplorer]           ### ARGS:    -db sports2000 -H localhost -S 5151 -infile C:\progress\OE128_64_WRK\query_a632b828c973e1b1d51424aa44aff266.sql -outfile C:\progress\OE128_64_WRK\query_a632b828c973e1b1d51424aa44aff266.res 
[2025/03/16@10:28:18.661+0100] [3] [SQLExplorer]           Connecting user "colde" to URL "jdbc:datadirect:openedge://localhost:5151;databaseName=sports2000"... (8920)
[2025/03/16@10:28:18.665+0100] [3] [SQLExplorer]           Loading JDBC driver com.ddtek.jdbc.openedge.OpenEdgeDriver.
[2025/03/16@10:28:18.825+0100] [3] [SQLExplorer]           Using encoding UTF8 to read file C:\progress\OE128_64_WRK\query_a632b828c973e1b1d51424aa44aff266.sql (SQLMsg040)
[2025/03/16@10:28:18.827+0100] [3] [SQLExplorer]           === SQLExplorer ending. ===
[2025/03/16@10:30:14.473+0100] 
[2025/03/16@10:30:14.476+0100]=== Start logging. Local time: 2025/03/16@10:30:14.471+0100. ===
[2025/03/16@10:30:14.483+0100]=== Progress Version 12.8.02.000 1214 ===
[2025/03/16@10:30:14.483+0100] 
[2025/03/16@10:30:14.483+0100] [3] [SQLExplorer]           Openedge Installation Validation Completed
[2025/03/16@10:30:14.520+0100] [3] [SQLExplorer]           Local C:\projects\pasoem8m\m8m\SQLExplorer.properties file will be used. (SQLMsg036)
[2025/03/16@10:30:14.535+0100] [3] [SQLExplorer]           Setting Connect to jdbc:datadirect:openedge://localhost:5151;databaseName=sports2000
[2025/03/16@10:30:14.540+0100] [3] [SQLExplorer]           === SQLExplorer starting. ===
[2025/03/16@10:30:14.541+0100] [3] [SQLExplorer]           ### ARGS:    -db sports2000 -H localhost -S 5151 -infile C:\progress\OE128_64_WRK\query_a632b828c973e1b1d51429aab8bce2cc.sql -outfile C:\progress\OE128_64_WRK\query_a632b828c973e1b1d51429aab8bce2cc.res 
[2025/03/16@10:30:14.551+0100] [3] [SQLExplorer]           Connecting user "colde" to URL "jdbc:datadirect:openedge://localhost:5151;databaseName=sports2000"... (8920)
[2025/03/16@10:30:14.556+0100] [3] [SQLExplorer]           Loading JDBC driver com.ddtek.jdbc.openedge.OpenEdgeDriver.
[2025/03/16@10:30:14.934+0100] [3] [SQLExplorer]           Using encoding UTF8 to read file C:\progress\OE128_64_WRK\query_a632b828c973e1b1d51429aab8bce2cc.sql (SQLMsg040)
[2025/03/16@10:30:14.936+0100] [3] [SQLExplorer]           === SQLExplorer ending. ===
[2025/03/16@10:32:34.575+0100] 
[2025/03/16@10:32:34.578+0100]=== Start logging. Local time: 2025/03/16@10:32:34.573+0100. ===
[2025/03/16@10:32:34.585+0100]=== Progress Version 12.8.02.000 1214 ===
[2025/03/16@10:32:34.585+0100] 
[2025/03/16@10:32:34.585+0100] [3] [SQLExplorer]           Openedge Installation Validation Completed
[2025/03/16@10:32:34.614+0100] [3] [SQLExplorer]           Local C:\projects\pasoem8m\m8m\SQLExplorer.properties file will be used. (SQLMsg036)
[2025/03/16@10:32:34.625+0100] [3] [SQLExplorer]           Setting Connect to jdbc:datadirect:openedge://localhost:5151;databaseName=sports2000
[2025/03/16@10:32:34.629+0100] [3] [SQLExplorer]           === SQLExplorer starting. ===
[2025/03/16@10:32:34.629+0100] [3] [SQLExplorer]           ### ARGS:    -db sports2000 -H localhost -S 5151 -infile C:\progress\OE128_64_WRK\query_a632b828c973e1b1d51430aa8c6c8f40.sql -outfile C:\progress\OE128_64_WRK\query_a632b828c973e1b1d51430aa8c6c8f40.res 
[2025/03/16@10:32:34.639+0100] [3] [SQLExplorer]           Connecting user "colde" to URL "jdbc:datadirect:openedge://localhost:5151;databaseName=sports2000"... (8920)
[2025/03/16@10:32:34.643+0100] [3] [SQLExplorer]           Loading JDBC driver com.ddtek.jdbc.openedge.OpenEdgeDriver.
[2025/03/16@10:32:34.826+0100] [3] [SQLExplorer]           Using encoding UTF8 to read file C:\progress\OE128_64_WRK\query_a632b828c973e1b1d51430aa8c6c8f40.sql (SQLMsg040)
[2025/03/16@10:32:34.828+0100] [3] [SQLExplorer]           === SQLExplorer ending. ===
[2025/03/16@10:33:15.969+0100] 
[2025/03/16@10:33:15.973+0100]=== Start logging. Local time: 2025/03/16@10:33:15.965+0100. ===
[2025/03/16@10:33:15.981+0100]=== Progress Version 12.8.02.000 1214 ===
[2025/03/16@10:33:15.981+0100] 
[2025/03/16@10:33:15.981+0100] [3] [SQLExplorer]           Openedge Installation Validation Completed
[2025/03/16@10:33:16.016+0100] [3] [SQLExplorer]           Local C:\projects\pasoem8m\m8m\SQLExplorer.properties file will be used. (SQLMsg036)
[2025/03/16@10:33:16.029+0100] [3] [SQLExplorer]           Setting Connect to jdbc:datadirect:openedge://localhost:5151;databaseName=sports2000
[2025/03/16@10:33:16.033+0100] [3] [SQLExplorer]           === SQLExplorer starting. ===
[2025/03/16@10:33:16.033+0100] [3] [SQLExplorer]           ### ARGS:    -db sports2000 -H localhost -S 5151 -infile C:\progress\OE128_64_WRK\query_a632b828c973e1b1d51431aa3ce65ca7.sql -outfile C:\progress\OE128_64_WRK\query_a632b828c973e1b1d51431aa3ce65ca7.res 
[2025/03/16@10:33:16.046+0100] [3] [SQLExplorer]           Connecting user "colde" to URL "jdbc:datadirect:openedge://localhost:5151;databaseName=sports2000"... (8920)
[2025/03/16@10:33:16.050+0100] [3] [SQLExplorer]           Loading JDBC driver com.ddtek.jdbc.openedge.OpenEdgeDriver.
[2025/03/16@10:33:16.397+0100] [3] [SQLExplorer]           Using encoding UTF8 to read file C:\progress\OE128_64_WRK\query_a632b828c973e1b1d51431aa3ce65ca7.sql (SQLMsg040)
[2025/03/16@10:33:16.399+0100] [3] [SQLExplorer]           === SQLExplorer ending. ===
[2025/03/16@10:37:24.468+0100] 
[2025/03/16@10:37:24.471+0100]=== Start logging. Local time: 2025/03/16@10:37:24.462+0100. ===
[2025/03/16@10:37:24.480+0100]=== Progress Version 12.8.02.000 1214 ===
[2025/03/16@10:37:24.480+0100] 
[2025/03/16@10:37:24.480+0100] [3] [SQLExplorer]           Openedge Installation Validation Completed
[2025/03/16@10:37:24.511+0100] [3] [SQLExplorer]           Local C:\projects\pasoem8m\m8m\SQLExplorer.properties file will be used. (SQLMsg036)
[2025/03/16@10:37:24.526+0100] [3] [SQLExplorer]           Setting Connect to jdbc:datadirect:openedge://localhost:5151;databaseName=sports2000
[2025/03/16@10:37:24.530+0100] [3] [SQLExplorer]           === SQLExplorer starting. ===
[2025/03/16@10:37:24.530+0100] [3] [SQLExplorer]           ### ARGS:    -db sports2000 -H localhost -S 5151 -infile C:\progress\OE128_64_WRK\query_a632b828c973e1b1d5143daa380b04d3.sql -outfile C:\progress\OE128_64_WRK\query_a632b828c973e1b1d5143daa380b04d3.res 
[2025/03/16@10:37:24.539+0100] [3] [SQLExplorer]           Connecting user "colde" to URL "jdbc:datadirect:openedge://localhost:5151;databaseName=sports2000"... (8920)
[2025/03/16@10:37:24.545+0100] [3] [SQLExplorer]           Loading JDBC driver com.ddtek.jdbc.openedge.OpenEdgeDriver.
[2025/03/16@10:37:24.719+0100] [3] [SQLExplorer]           Using encoding UTF8 to read file C:\progress\OE128_64_WRK\query_a632b828c973e1b1d5143daa380b04d3.sql (SQLMsg040)
[2025/03/16@10:37:24.830+0100] [3] [SQLExplorer]           === SQLExplorer ending. ===
[2025/03/16@10:43:56.775+0100] 
[2025/03/16@10:43:56.780+0100]=== Start logging. Local time: 2025/03/16@10:43:56.773+0100. ===
[2025/03/16@10:43:56.789+0100]=== Progress Version 12.8.02.000 1214 ===
[2025/03/16@10:43:56.789+0100] 
[2025/03/16@10:43:56.789+0100] [3] [SQLExplorer]           Openedge Installation Validation Completed
[2025/03/16@10:43:56.824+0100] [3] [SQLExplorer]           Local C:\projects\pasoem8m\m8m\SQLExplorer.properties file will be used. (SQLMsg036)
[2025/03/16@10:43:56.839+0100] [3] [SQLExplorer]           Setting Connect to jdbc:datadirect:openedge://localhost:5151;databaseName=sports2000
[2025/03/16@10:43:56.844+0100] [3] [SQLExplorer]           === SQLExplorer starting. ===
[2025/03/16@10:43:56.844+0100] [3] [SQLExplorer]           ### ARGS:    -db sports2000 -H localhost -S 5151 -user colde -password xxx -infile C:\progress\OE128_64_WRK\query_a632b828c973e1b1d51450aac07c4f17.sql -outfile C:\progress\OE128_64_WRK\query_a632b828c973e1b1d51450aac07c4f17.res 
[2025/03/16@10:43:56.853+0100] [3] [SQLExplorer]           Connecting user "colde" to URL "jdbc:datadirect:openedge://localhost:5151;databaseName=sports2000"... (8920)
[2025/03/16@10:43:56.859+0100] [3] [SQLExplorer]           Loading JDBC driver com.ddtek.jdbc.openedge.OpenEdgeDriver.
[2025/03/16@10:43:57.067+0100] [3] [SQLExplorer]           Using encoding UTF8 to read file C:\progress\OE128_64_WRK\query_a632b828c973e1b1d51450aac07c4f17.sql (SQLMsg040)
[2025/03/16@10:43:57.176+0100] [3] [SQLExplorer]           === SQLExplorer ending. ===
[2025/03/16@11:30:07.118+0100] 
[2025/03/16@11:30:07.125+0100]=== Start logging. Local time: 2025/03/16@11:30:07.114+0100. ===
[2025/03/16@11:30:07.136+0100]=== Progress Version 12.8.02.000 1214 ===
[2025/03/16@11:30:07.136+0100] 
[2025/03/16@11:30:07.136+0100] [3] [SQLExplorer]           Openedge Installation Validation Completed
[2025/03/16@11:30:07.164+0100] [3] [SQLExplorer]           Local C:\projects\pasoem8m\m8m\SQLExplorer.properties file will be used. (SQLMsg036)
[2025/03/16@11:30:07.182+0100] [3] [SQLExplorer]           Setting Connect to jdbc:datadirect:openedge://localhost:5151;databaseName=sports2000
[2025/03/16@11:30:07.186+0100] [3] [SQLExplorer]           === SQLExplorer starting. ===
[2025/03/16@11:30:07.187+0100] [3] [SQLExplorer]           ### ARGS:    -db sports2000 -H localhost -S 5151 -user pub -password xxx -infile C:\progress\OE128_64_WRK\query_a632b828c973e1b1d514d1aa5c306918.sql -outfile C:\progress\OE128_64_WRK\query_a632b828c973e1b1d514d1aa5c306918.res 
[2025/03/16@11:30:07.196+0100] [3] [SQLExplorer]           Connecting user "pub" to URL "jdbc:datadirect:openedge://localhost:5151;databaseName=sports2000"... (8920)
[2025/03/16@11:30:07.204+0100] [3] [SQLExplorer]           Loading JDBC driver com.ddtek.jdbc.openedge.OpenEdgeDriver.
[2025/03/16@11:30:07.376+0100] [0] [*UnexpectedError*]   * recorded as exception #1 in file C:\projects\pasoem8m\m8m\SQLExplorer.exceptions.
[2025/03/16@11:30:07.377+0100] [3] [SQLExplorer]           === SQLExplorer ending. ===
[2025/03/16@11:30:40.635+0100] 
[2025/03/16@11:30:40.637+0100]=== Start logging. Local time: 2025/03/16@11:30:40.632+0100. ===
[2025/03/16@11:30:40.643+0100]=== Progress Version 12.8.02.000 1214 ===
[2025/03/16@11:30:40.644+0100] 
[2025/03/16@11:30:40.644+0100] [3] [SQLExplorer]           Openedge Installation Validation Completed
[2025/03/16@11:30:40.671+0100] [3] [SQLExplorer]           Local C:\projects\pasoem8m\m8m\SQLExplorer.properties file will be used. (SQLMsg036)
[2025/03/16@11:30:40.683+0100] [3] [SQLExplorer]           Setting Connect to jdbc:datadirect:openedge://localhost:5151;databaseName=sports2000
[2025/03/16@11:30:40.687+0100] [3] [SQLExplorer]           === SQLExplorer starting. ===
[2025/03/16@11:30:40.687+0100] [3] [SQLExplorer]           ### ARGS:    -db sports2000 -H localhost -S 5151 -user pub -password xxx -infile C:\progress\OE128_64_WRK\query_a632b828c973e1b1d514d2aa5ccb2da8.sql -outfile C:\progress\OE128_64_WRK\query_a632b828c973e1b1d514d2aa5ccb2da8.res 
[2025/03/16@11:30:40.696+0100] [3] [SQLExplorer]           Connecting user "pub" to URL "jdbc:datadirect:openedge://localhost:5151;databaseName=sports2000"... (8920)
[2025/03/16@11:30:40.700+0100] [3] [SQLExplorer]           Loading JDBC driver com.ddtek.jdbc.openedge.OpenEdgeDriver.
[2025/03/16@11:30:40.870+0100] [0] [*UnexpectedError*]   * recorded as exception #2 in file C:\projects\pasoem8m\m8m\SQLExplorer.exceptions.
[2025/03/16@11:30:40.870+0100] [3] [SQLExplorer]           === SQLExplorer ending. ===
[2025/03/16@11:30:45.657+0100] 
[2025/03/16@11:30:45.660+0100]=== Start logging. Local time: 2025/03/16@11:30:45.654+0100. ===
[2025/03/16@11:30:45.664+0100]=== Progress Version 12.8.02.000 1214 ===
[2025/03/16@11:30:45.664+0100] 
[2025/03/16@11:30:45.664+0100] [3] [SQLExplorer]           Openedge Installation Validation Completed
[2025/03/16@11:30:45.705+0100] [3] [SQLExplorer]           Local C:\projects\pasoem8m\m8m\SQLExplorer.properties file will be used. (SQLMsg036)
[2025/03/16@11:30:45.720+0100] [3] [SQLExplorer]           Setting Connect to jdbc:datadirect:openedge://localhost:5151;databaseName=sports2000
[2025/03/16@11:30:45.725+0100] [3] [SQLExplorer]           === SQLExplorer starting. ===
[2025/03/16@11:30:45.726+0100] [3] [SQLExplorer]           ### ARGS:    -db sports2000 -H localhost -S 5151 -user pub -password xxx -infile C:\progress\OE128_64_WRK\query_a632b828c973e1b1d514d2aaec51e0e3.sql -outfile C:\progress\OE128_64_WRK\query_a632b828c973e1b1d514d2aaec51e0e3.res 
[2025/03/16@11:30:45.734+0100] [3] [SQLExplorer]           Connecting user "pub" to URL "jdbc:datadirect:openedge://localhost:5151;databaseName=sports2000"... (8920)
[2025/03/16@11:30:45.741+0100] [3] [SQLExplorer]           Loading JDBC driver com.ddtek.jdbc.openedge.OpenEdgeDriver.
[2025/03/16@11:30:46.050+0100] [0] [*UnexpectedError*]   * recorded as exception #3 in file C:\projects\pasoem8m\m8m\SQLExplorer.exceptions.
[2025/03/16@11:30:46.050+0100] [3] [SQLExplorer]           === SQLExplorer ending. ===
[2025/03/16@11:32:58.352+0100] 
[2025/03/16@11:32:58.355+0100]=== Start logging. Local time: 2025/03/16@11:32:58.349+0100. ===
[2025/03/16@11:32:58.363+0100]=== Progress Version 12.8.02.000 1214 ===
[2025/03/16@11:32:58.363+0100] 
[2025/03/16@11:32:58.363+0100] [3] [SQLExplorer]           Openedge Installation Validation Completed
[2025/03/16@11:32:58.390+0100] [3] [SQLExplorer]           Local C:\projects\pasoem8m\m8m\SQLExplorer.properties file will be used. (SQLMsg036)
[2025/03/16@11:32:58.402+0100] [3] [SQLExplorer]           Setting Connect to jdbc:datadirect:openedge://localhost:5151;databaseName=sports2000
[2025/03/16@11:32:58.407+0100] [3] [SQLExplorer]           === SQLExplorer starting. ===
[2025/03/16@11:32:58.407+0100] [3] [SQLExplorer]           ### ARGS:    -db sports2000 -H localhost -S 5151 -user pub -password xxx -infile C:\progress\OE128_64_WRK\query_a632b828c973e1b1d514d9aa6cefcf11.sql -outfile C:\progress\OE128_64_WRK\query_a632b828c973e1b1d514d9aa6cefcf11.res 
[2025/03/16@11:32:58.416+0100] [3] [SQLExplorer]           Connecting user "pub" to URL "jdbc:datadirect:openedge://localhost:5151;databaseName=sports2000"... (8920)
[2025/03/16@11:32:58.420+0100] [3] [SQLExplorer]           Loading JDBC driver com.ddtek.jdbc.openedge.OpenEdgeDriver.
[2025/03/16@11:32:58.580+0100] [0] [*UnexpectedError*]   * recorded as exception #4 in file C:\projects\pasoem8m\m8m\SQLExplorer.exceptions.
[2025/03/16@11:32:58.581+0100] [3] [SQLExplorer]           === SQLExplorer ending. ===
[2025/03/16@11:33:54.234+0100] 
[2025/03/16@11:33:54.238+0100]=== Start logging. Local time: 2025/03/16@11:33:54.229+0100. ===
[2025/03/16@11:33:54.244+0100]=== Progress Version 12.8.02.000 1214 ===
[2025/03/16@11:33:54.244+0100] 
[2025/03/16@11:33:54.244+0100] [3] [SQLExplorer]           Openedge Installation Validation Completed
[2025/03/16@11:33:54.278+0100] [3] [SQLExplorer]           Local C:\projects\pasoem8m\m8m\SQLExplorer.properties file will be used. (SQLMsg036)
[2025/03/16@11:33:54.295+0100] [3] [SQLExplorer]           Setting Connect to jdbc:datadirect:openedge://localhost:5151;databaseName=sports2000
[2025/03/16@11:33:54.299+0100] [3] [SQLExplorer]           === SQLExplorer starting. ===
[2025/03/16@11:33:54.299+0100] [3] [SQLExplorer]           ### ARGS:    -db sports2000 -H localhost -S 5151 -user sysprogress -password xxx -infile C:\progress\OE128_64_WRK\query_a632b828c973e1b1d514dbaa00e79dab.sql -outfile C:\progress\OE128_64_WRK\query_a632b828c973e1b1d514dbaa00e79dab.res 
[2025/03/16@11:33:54.307+0100] [3] [SQLExplorer]           Connecting user "sysprogress" to URL "jdbc:datadirect:openedge://localhost:5151;databaseName=sports2000"... (8920)
[2025/03/16@11:33:54.317+0100] [3] [SQLExplorer]           Loading JDBC driver com.ddtek.jdbc.openedge.OpenEdgeDriver.
[2025/03/16@11:33:54.701+0100] [0] [*UnexpectedError*]   * recorded as exception #5 in file C:\projects\pasoem8m\m8m\SQLExplorer.exceptions.
[2025/03/16@11:33:54.701+0100] [3] [SQLExplorer]           === SQLExplorer ending. ===
[2025/03/16@11:37:02.064+0100] 
[2025/03/16@11:37:02.067+0100]=== Start logging. Local time: 2025/03/16@11:37:02.060+0100. ===
[2025/03/16@11:37:02.075+0100]=== Progress Version 12.8.02.000 1214 ===
[2025/03/16@11:37:02.075+0100] 
[2025/03/16@11:37:02.076+0100] [3] [SQLExplorer]           Openedge Installation Validation Completed
[2025/03/16@11:37:02.109+0100] [3] [SQLExplorer]           Local C:\projects\pasoem8m\m8m\SQLExplorer.properties file will be used. (SQLMsg036)
[2025/03/16@11:37:02.119+0100] [3] [SQLExplorer]           Setting Connect to jdbc:datadirect:openedge://localhost:5151;databaseName=sports2000
[2025/03/16@11:37:02.124+0100] [3] [SQLExplorer]           === SQLExplorer starting. ===
[2025/03/16@11:37:02.125+0100] [3] [SQLExplorer]           ### ARGS:    -db sports2000 -H localhost -S 5151 -user sqlquery -password xxx -infile C:\progress\OE128_64_WRK\query_a632b828c973e1b1d514e4aaa810b569.sql -outfile C:\progress\OE128_64_WRK\query_a632b828c973e1b1d514e4aaa810b569.res 
[2025/03/16@11:37:02.137+0100] [3] [SQLExplorer]           Connecting user "sqlquery" to URL "jdbc:datadirect:openedge://localhost:5151;databaseName=sports2000"... (8920)
[2025/03/16@11:37:02.141+0100] [3] [SQLExplorer]           Loading JDBC driver com.ddtek.jdbc.openedge.OpenEdgeDriver.
[2025/03/16@11:37:02.323+0100] [3] [SQLExplorer]           Using encoding UTF8 to read file C:\progress\OE128_64_WRK\query_a632b828c973e1b1d514e4aaa810b569.sql (SQLMsg040)
[2025/03/16@11:37:02.379+0100] [3] [SQLExplorer]           === SQLExplorer ending. ===
[2025/03/16@11:37:26.760+0100] 
[2025/03/16@11:37:26.765+0100]=== Start logging. Local time: 2025/03/16@11:37:26.756+0100. ===
[2025/03/16@11:37:26.774+0100]=== Progress Version 12.8.02.000 1214 ===
[2025/03/16@11:37:26.774+0100] 
[2025/03/16@11:37:26.774+0100] [3] [SQLExplorer]           Openedge Installation Validation Completed
[2025/03/16@11:37:26.810+0100] [3] [SQLExplorer]           Local C:\projects\pasoem8m\m8m\SQLExplorer.properties file will be used. (SQLMsg036)
[2025/03/16@11:37:26.826+0100] [3] [SQLExplorer]           Setting Connect to jdbc:datadirect:openedge://localhost:5151;databaseName=sports2000
[2025/03/16@11:37:26.833+0100] [3] [SQLExplorer]           === SQLExplorer starting. ===
[2025/03/16@11:37:26.833+0100] [3] [SQLExplorer]           ### ARGS:    -db sports2000 -H localhost -S 5151 -user sqlquery -password xxx -infile C:\progress\OE128_64_WRK\query_a632b828c973e1b1d514e5aa10b35e91.sql -outfile C:\progress\OE128_64_WRK\query_a632b828c973e1b1d514e5aa10b35e91.res 
[2025/03/16@11:37:26.843+0100] [3] [SQLExplorer]           Connecting user "sqlquery" to URL "jdbc:datadirect:openedge://localhost:5151;databaseName=sports2000"... (8920)
[2025/03/16@11:37:26.847+0100] [3] [SQLExplorer]           Loading JDBC driver com.ddtek.jdbc.openedge.OpenEdgeDriver.
[2025/03/16@11:37:27.240+0100] [3] [SQLExplorer]           Using encoding UTF8 to read file C:\progress\OE128_64_WRK\query_a632b828c973e1b1d514e5aa10b35e91.sql (SQLMsg040)
[2025/03/16@11:37:27.298+0100] [3] [SQLExplorer]           === SQLExplorer ending. ===
[2025/03/16@11:41:02.947+0100] 
[2025/03/16@11:41:02.951+0100]=== Start logging. Local time: 2025/03/16@11:41:02.943+0100. ===
[2025/03/16@11:41:02.959+0100]=== Progress Version 12.8.02.000 1214 ===
[2025/03/16@11:41:02.959+0100] 
[2025/03/16@11:41:02.959+0100] [3] [SQLExplorer]           Openedge Installation Validation Completed
[2025/03/16@11:41:02.990+0100] [3] [SQLExplorer]           Local C:\projects\pasoem8m\m8m\SQLExplorer.properties file will be used. (SQLMsg036)
[2025/03/16@11:41:03.009+0100] [3] [SQLExplorer]           Setting Connect to jdbc:datadirect:openedge://localhost:5151;databaseName=sports2000
[2025/03/16@11:41:03.014+0100] [3] [SQLExplorer]           === SQLExplorer starting. ===
[2025/03/16@11:41:03.015+0100] [3] [SQLExplorer]           ### ARGS:    -db sports2000 -H localhost -S 5151 -user sqlquery -password xxx -infile C:\progress\OE128_64_WRK\query_a632b828c973e1b1d514efaac89607a2.sql -outfile C:\progress\OE128_64_WRK\query_a632b828c973e1b1d514efaac89607a2.res 
[2025/03/16@11:41:03.024+0100] [3] [SQLExplorer]           Connecting user "sqlquery" to URL "jdbc:datadirect:openedge://localhost:5151;databaseName=sports2000"... (8920)
[2025/03/16@11:41:03.030+0100] [3] [SQLExplorer]           Loading JDBC driver com.ddtek.jdbc.openedge.OpenEdgeDriver.
[2025/03/16@11:41:03.313+0100] [3] [SQLExplorer]           Using encoding UTF8 to read file C:\progress\OE128_64_WRK\query_a632b828c973e1b1d514efaac89607a2.sql (SQLMsg040)
[2025/03/16@11:41:03.363+0100] [3] [SQLExplorer]           === SQLExplorer ending. ===
[2025/03/16@11:41:17.571+0100] 
[2025/03/16@11:41:17.574+0100]=== Start logging. Local time: 2025/03/16@11:41:17.568+0100. ===
[2025/03/16@11:41:17.578+0100]=== Progress Version 12.8.02.000 1214 ===
[2025/03/16@11:41:17.578+0100] 
[2025/03/16@11:41:17.579+0100] [3] [SQLExplorer]           Openedge Installation Validation Completed
[2025/03/16@11:41:17.606+0100] [3] [SQLExplorer]           Local C:\projects\pasoem8m\m8m\SQLExplorer.properties file will be used. (SQLMsg036)
[2025/03/16@11:41:17.616+0100] [3] [SQLExplorer]           Setting Connect to jdbc:datadirect:openedge://localhost:5151;databaseName=sports2000
[2025/03/16@11:41:17.620+0100] [3] [SQLExplorer]           === SQLExplorer starting. ===
[2025/03/16@11:41:17.621+0100] [3] [SQLExplorer]           ### ARGS:    -db sports2000 -H localhost -S 5151 -user sqlquery -password xxx -infile C:\progress\OE128_64_WRK\query_a632b828c973e1b1d514f0aac4e84f51.sql -outfile C:\progress\OE128_64_WRK\query_a632b828c973e1b1d514f0aac4e84f51.res 
[2025/03/16@11:41:17.629+0100] [3] [SQLExplorer]           Connecting user "sqlquery" to URL "jdbc:datadirect:openedge://localhost:5151;databaseName=sports2000"... (8920)
[2025/03/16@11:41:17.633+0100] [3] [SQLExplorer]           Loading JDBC driver com.ddtek.jdbc.openedge.OpenEdgeDriver.
[2025/03/16@11:41:17.809+0100] [3] [SQLExplorer]           Using encoding UTF8 to read file C:\progress\OE128_64_WRK\query_a632b828c973e1b1d514f0aac4e84f51.sql (SQLMsg040)
[2025/03/16@11:41:17.868+0100] [3] [SQLExplorer]           === SQLExplorer ending. ===
[2025/03/16@11:45:07.566+0100] 
[2025/03/16@11:45:07.571+0100]=== Start logging. Local time: 2025/03/16@11:45:07.562+0100. ===
[2025/03/16@11:45:07.577+0100]=== Progress Version 12.8.02.000 1214 ===
[2025/03/16@11:45:07.577+0100] 
[2025/03/16@11:45:07.577+0100] [3] [SQLExplorer]           Openedge Installation Validation Completed
[2025/03/16@11:45:07.607+0100] [3] [SQLExplorer]           Local C:\projects\pasoem8m\m8m\SQLExplorer.properties file will be used. (SQLMsg036)
[2025/03/16@11:45:07.627+0100] [3] [SQLExplorer]           Setting Connect to jdbc:datadirect:openedge://localhost:5151;databaseName=sports2000
[2025/03/16@11:45:07.631+0100] [3] [SQLExplorer]           === SQLExplorer starting. ===
[2025/03/16@11:45:07.632+0100] [3] [SQLExplorer]           ### ARGS:    -db sports2000 -H localhost -S 5151 -user sqlquery -password xxx -infile C:\progress\OE128_64_WRK\query_a632b828c973e1b1d514fbaa48e07806.sql -outfile C:\progress\OE128_64_WRK\query_a632b828c973e1b1d514fbaa48e07806.res 
[2025/03/16@11:45:07.642+0100] [3] [SQLExplorer]           Connecting user "sqlquery" to URL "jdbc:datadirect:openedge://localhost:5151;databaseName=sports2000"... (8920)
[2025/03/16@11:45:07.648+0100] [3] [SQLExplorer]           Loading JDBC driver com.ddtek.jdbc.openedge.OpenEdgeDriver.
[2025/03/16@11:45:07.818+0100] [3] [SQLExplorer]           Using encoding UTF8 to read file C:\progress\OE128_64_WRK\query_a632b828c973e1b1d514fbaa48e07806.sql (SQLMsg040)
[2025/03/16@11:45:07.871+0100] [3] [SQLExplorer]           === SQLExplorer ending. ===
[2025/03/16@11:57:04.900+0100] 
[2025/03/16@11:57:04.903+0100]=== Start logging. Local time: 2025/03/16@11:57:04.897+0100. ===
[2025/03/16@11:57:04.908+0100]=== Progress Version 12.8.02.000 1214 ===
[2025/03/16@11:57:04.908+0100] 
[2025/03/16@11:57:04.908+0100] [3] [SQLExplorer]           Openedge Installation Validation Completed
[2025/03/16@11:57:04.936+0100] [3] [SQLExplorer]           Local C:\projects\pasoem8m\m8m\SQLExplorer.properties file will be used. (SQLMsg036)
[2025/03/16@11:57:04.950+0100] [3] [SQLExplorer]           Setting Connect to jdbc:datadirect:openedge://localhost:5151;databaseName=sports2000
[2025/03/16@11:57:04.956+0100] [3] [SQLExplorer]           === SQLExplorer starting. ===
[2025/03/16@11:57:04.956+0100] [3] [SQLExplorer]           ### ARGS:    -db sports2000 -H localhost -S 5151 -user sysprogress -password xxx -infile C:\progress\OE128_64_WRK\query_a632b828c973e1b1d5141cab909a896d.sql -outfile C:\progress\OE128_64_WRK\query_a632b828c973e1b1d5141cab909a896d.res 
[2025/03/16@11:57:04.970+0100] [3] [SQLExplorer]           Connecting user "sysprogress" to URL "jdbc:datadirect:openedge://localhost:5151;databaseName=sports2000"... (8920)
[2025/03/16@11:57:04.974+0100] [3] [SQLExplorer]           Loading JDBC driver com.ddtek.jdbc.openedge.OpenEdgeDriver.
[2025/03/16@11:57:05.365+0100] [3] [SQLExplorer]           Using encoding UTF8 to read file C:\progress\OE128_64_WRK\query_a632b828c973e1b1d5141cab909a896d.sql (SQLMsg040)
[2025/03/16@11:57:05.475+0100] [3] [SQLExplorer]           === SQLExplorer ending. ===
[2025/03/16@11:59:40.842+0100] 
[2025/03/16@11:59:40.845+0100]=== Start logging. Local time: 2025/03/16@11:59:40.840+0100. ===
[2025/03/16@11:59:40.851+0100]=== Progress Version 12.8.02.000 1214 ===
[2025/03/16@11:59:40.851+0100] 
[2025/03/16@11:59:40.851+0100] [3] [SQLExplorer]           Openedge Installation Validation Completed
[2025/03/16@11:59:40.884+0100] [3] [SQLExplorer]           Local C:\projects\pasoem8m\m8m\SQLExplorer.properties file will be used. (SQLMsg036)
[2025/03/16@11:59:40.898+0100] [3] [SQLExplorer]           Setting Connect to jdbc:datadirect:openedge://localhost:5151;databaseName=sports2000
[2025/03/16@11:59:40.902+0100] [3] [SQLExplorer]           === SQLExplorer starting. ===
[2025/03/16@11:59:40.902+0100] [3] [SQLExplorer]           ### ARGS:    -db sports2000 -H localhost -S 5151 -user sysprogress -password xxx -infile C:\progress\OE128_64_WRK\query_a632b828c973e1b1d51423ab848fecb0.sql -outfile C:\progress\OE128_64_WRK\query_a632b828c973e1b1d51423ab848fecb0.res 
[2025/03/16@11:59:40.910+0100] [3] [SQLExplorer]           Connecting user "sysprogress" to URL "jdbc:datadirect:openedge://localhost:5151;databaseName=sports2000"... (8920)
[2025/03/16@11:59:40.914+0100] [3] [SQLExplorer]           Loading JDBC driver com.ddtek.jdbc.openedge.OpenEdgeDriver.
[2025/03/16@11:59:41.082+0100] [3] [SQLExplorer]           Using encoding UTF8 to read file C:\progress\OE128_64_WRK\query_a632b828c973e1b1d51423ab848fecb0.sql (SQLMsg040)
[2025/03/16@11:59:41.181+0100] [3] [SQLExplorer]           === SQLExplorer ending. ===
[2025/03/16@12:00:40.115+0100] 
[2025/03/16@12:00:40.121+0100]=== Start logging. Local time: 2025/03/16@12:00:40.111+0100. ===
[2025/03/16@12:00:40.128+0100]=== Progress Version 12.8.02.000 1214 ===
[2025/03/16@12:00:40.128+0100] 
[2025/03/16@12:00:40.128+0100] [3] [SQLExplorer]           Openedge Installation Validation Completed
[2025/03/16@12:00:40.167+0100] [3] [SQLExplorer]           Local C:\projects\pasoem8m\m8m\SQLExplorer.properties file will be used. (SQLMsg036)
[2025/03/16@12:00:40.179+0100] [3] [SQLExplorer]           Setting Connect to jdbc:datadirect:openedge://localhost:5151;databaseName=sports2000
[2025/03/16@12:00:40.184+0100] [3] [SQLExplorer]           === SQLExplorer starting. ===
[2025/03/16@12:00:40.184+0100] [3] [SQLExplorer]           ### ARGS:    -db sports2000 -H localhost -S 5151 -user sysprogress -password xxx -infile C:\progress\OE128_64_WRK\query_a632b828c973e1b1d51426abf8629f72.sql -outfile C:\progress\OE128_64_WRK\query_a632b828c973e1b1d51426abf8629f72.res 
[2025/03/16@12:00:40.195+0100] [3] [SQLExplorer]           Connecting user "sysprogress" to URL "jdbc:datadirect:openedge://localhost:5151;databaseName=sports2000"... (8920)
[2025/03/16@12:00:40.200+0100] [3] [SQLExplorer]           Loading JDBC driver com.ddtek.jdbc.openedge.OpenEdgeDriver.
[2025/03/16@12:00:40.611+0100] [3] [SQLExplorer]           Using encoding UTF8 to read file C:\progress\OE128_64_WRK\query_a632b828c973e1b1d51426abf8629f72.sql (SQLMsg040)
[2025/03/16@12:00:40.727+0100] [3] [SQLExplorer]           === SQLExplorer ending. ===
